[2025-11-16T22:38:24.837+0000] {manager.py:483} INFO - Processing files using up to 2 processes at a time 
[2025-11-16T22:38:24.839+0000] {manager.py:484} INFO - Process each file at most once every 30 seconds
[2025-11-16T22:38:24.841+0000] {manager.py:485} INFO - Checking for new files in /opt/airflow/dags every 300 seconds
[2025-11-16T22:38:24.842+0000] {manager.py:821} INFO - Searching for files in /opt/airflow/dags
[2025-11-16T22:38:24.871+0000] {manager.py:824} INFO - There are 1 files in /opt/airflow/dags
[2025-11-16T22:38:25.082+0000] {manager.py:997} INFO - 
================================================================================
DAG File Processing Stats

File Path                               PID  Runtime      # DAGs    # Errors  Last Runtime    Last Run      Last # of DB Queries
------------------------------------  -----  ---------  --------  ----------  --------------  ----------  ----------------------
/opt/airflow/dags/etl_weather_dag.py     78  0.06s             0           0                                                   0
================================================================================
[2025-11-16T22:38:55.795+0000] {manager.py:997} INFO - 
================================================================================
DAG File Processing Stats

File Path                               PID  Runtime      # DAGs    # Errors  Last Runtime    Last Run               Last # of DB Queries
------------------------------------  -----  ---------  --------  ----------  --------------  -------------------  ----------------------
/opt/airflow/dags/etl_weather_dag.py     85  0.02s             0           1  0.28s           2025-11-16T22:38:25                       3
================================================================================
[2025-11-16T22:39:26.703+0000] {manager.py:997} INFO - 
================================================================================
DAG File Processing Stats

File Path                               PID  Runtime      # DAGs    # Errors  Last Runtime    Last Run               Last # of DB Queries
------------------------------------  -----  ---------  --------  ----------  --------------  -------------------  ----------------------
/opt/airflow/dags/etl_weather_dag.py     92  0.02s             0           1  0.24s           2025-11-16T22:38:56                       5
================================================================================
[2025-11-16T22:39:57.398+0000] {manager.py:997} INFO - 
================================================================================
DAG File Processing Stats

File Path                               PID  Runtime      # DAGs    # Errors  Last Runtime    Last Run               Last # of DB Queries
------------------------------------  -----  ---------  --------  ----------  --------------  -------------------  ----------------------
/opt/airflow/dags/etl_weather_dag.py     99  0.02s             0           1  0.28s           2025-11-16T22:39:26                       5
================================================================================
[2025-11-16T22:40:28.245+0000] {manager.py:997} INFO - 
================================================================================
DAG File Processing Stats

File Path                               PID  Runtime      # DAGs    # Errors  Last Runtime    Last Run               Last # of DB Queries
------------------------------------  -----  ---------  --------  ----------  --------------  -------------------  ----------------------
/opt/airflow/dags/etl_weather_dag.py    106  0.01s             0           1  0.22s           2025-11-16T22:39:57                       5
================================================================================
[2025-11-16T22:40:58.923+0000] {manager.py:997} INFO - 
================================================================================
DAG File Processing Stats

File Path                               PID  Runtime      # DAGs    # Errors  Last Runtime    Last Run               Last # of DB Queries
------------------------------------  -----  ---------  --------  ----------  --------------  -------------------  ----------------------
/opt/airflow/dags/etl_weather_dag.py    113  0.01s             0           1  0.25s           2025-11-16T22:40:28                       5
================================================================================
[2025-11-16T22:41:29.780+0000] {manager.py:997} INFO - 
================================================================================
DAG File Processing Stats

File Path                               PID  Runtime      # DAGs    # Errors  Last Runtime    Last Run               Last # of DB Queries
------------------------------------  -----  ---------  --------  ----------  --------------  -------------------  ----------------------
/opt/airflow/dags/etl_weather_dag.py    120  0.01s             0           1  0.20s           2025-11-16T22:40:59                       5
================================================================================
[2025-11-16T22:42:00.466+0000] {manager.py:997} INFO - 
================================================================================
DAG File Processing Stats

File Path                               PID  Runtime      # DAGs    # Errors  Last Runtime    Last Run               Last # of DB Queries
------------------------------------  -----  ---------  --------  ----------  --------------  -------------------  ----------------------
/opt/airflow/dags/etl_weather_dag.py    127  0.01s             0           1  0.20s           2025-11-16T22:41:29                       5
================================================================================
[2025-11-16T22:42:31.248+0000] {manager.py:997} INFO - 
================================================================================
DAG File Processing Stats

File Path                               PID  Runtime      # DAGs    # Errors  Last Runtime    Last Run               Last # of DB Queries
------------------------------------  -----  ---------  --------  ----------  --------------  -------------------  ----------------------
/opt/airflow/dags/etl_weather_dag.py    134  0.01s             0           1  0.21s           2025-11-16T22:42:00                       5
================================================================================
[2025-11-16T22:43:01.891+0000] {manager.py:997} INFO - 
================================================================================
DAG File Processing Stats

File Path                               PID  Runtime      # DAGs    # Errors  Last Runtime    Last Run               Last # of DB Queries
------------------------------------  -----  ---------  --------  ----------  --------------  -------------------  ----------------------
/opt/airflow/dags/etl_weather_dag.py    141  0.01s             0           1  0.22s           2025-11-16T22:42:31                       5
================================================================================
[2025-11-16T22:43:25.511+0000] {manager.py:821} INFO - Searching for files in /opt/airflow/dags
[2025-11-16T22:43:25.578+0000] {manager.py:824} INFO - There are 1 files in /opt/airflow/dags
[2025-11-16T22:43:32.721+0000] {manager.py:997} INFO - 
================================================================================
DAG File Processing Stats

File Path                               PID  Runtime      # DAGs    # Errors  Last Runtime    Last Run               Last # of DB Queries
------------------------------------  -----  ---------  --------  ----------  --------------  -------------------  ----------------------
/opt/airflow/dags/etl_weather_dag.py    148  0.01s             0           1  0.27s           2025-11-16T22:43:02                       5
================================================================================
[2025-11-16T22:44:03.414+0000] {manager.py:997} INFO - 
================================================================================
DAG File Processing Stats

File Path                               PID  Runtime      # DAGs    # Errors  Last Runtime    Last Run               Last # of DB Queries
------------------------------------  -----  ---------  --------  ----------  --------------  -------------------  ----------------------
/opt/airflow/dags/etl_weather_dag.py    155  0.01s             0           1  0.22s           2025-11-16T22:43:32                       5
================================================================================
[2025-11-16T22:44:34.229+0000] {manager.py:997} INFO - 
================================================================================
DAG File Processing Stats

File Path                               PID  Runtime      # DAGs    # Errors  Last Runtime    Last Run               Last # of DB Queries
------------------------------------  -----  ---------  --------  ----------  --------------  -------------------  ----------------------
/opt/airflow/dags/etl_weather_dag.py    163  0.01s             0           1  0.21s           2025-11-16T22:44:03                       5
================================================================================
[2025-11-16T22:45:04.852+0000] {manager.py:997} INFO - 
================================================================================
DAG File Processing Stats

File Path                               PID  Runtime      # DAGs    # Errors  Last Runtime    Last Run               Last # of DB Queries
------------------------------------  -----  ---------  --------  ----------  --------------  -------------------  ----------------------
/opt/airflow/dags/etl_weather_dag.py    170  0.01s             0           1  0.22s           2025-11-16T22:44:34                       5
================================================================================
[2025-11-16T22:45:35.590+0000] {manager.py:997} INFO - 
================================================================================
DAG File Processing Stats

File Path                               PID  Runtime      # DAGs    # Errors  Last Runtime    Last Run               Last # of DB Queries
------------------------------------  -----  ---------  --------  ----------  --------------  -------------------  ----------------------
/opt/airflow/dags/etl_weather_dag.py    178  0.01s             0           1  0.22s           2025-11-16T22:45:05                       5
================================================================================
[2025-11-16T22:46:06.273+0000] {manager.py:997} INFO - 
================================================================================
DAG File Processing Stats

File Path                               PID  Runtime      # DAGs    # Errors  Last Runtime    Last Run               Last # of DB Queries
------------------------------------  -----  ---------  --------  ----------  --------------  -------------------  ----------------------
/opt/airflow/dags/etl_weather_dag.py    185  0.02s             0           1  0.20s           2025-11-16T22:45:35                       5
================================================================================
[2025-11-16T22:46:36.997+0000] {manager.py:997} INFO - 
================================================================================
DAG File Processing Stats

File Path                               PID  Runtime      # DAGs    # Errors  Last Runtime    Last Run               Last # of DB Queries
------------------------------------  -----  ---------  --------  ----------  --------------  -------------------  ----------------------
/opt/airflow/dags/etl_weather_dag.py    193  0.01s             0           1  0.27s           2025-11-16T22:46:06                       5
================================================================================
[2025-11-16T22:47:07.721+0000] {manager.py:997} INFO - 
================================================================================
DAG File Processing Stats

File Path                               PID  Runtime      # DAGs    # Errors  Last Runtime    Last Run               Last # of DB Queries
------------------------------------  -----  ---------  --------  ----------  --------------  -------------------  ----------------------
/opt/airflow/dags/etl_weather_dag.py    200  0.01s             0           1  0.22s           2025-11-16T22:46:37                       5
================================================================================
[2025-11-16T22:47:38.381+0000] {manager.py:997} INFO - 
================================================================================
DAG File Processing Stats

File Path                               PID  Runtime      # DAGs    # Errors  Last Runtime    Last Run               Last # of DB Queries
------------------------------------  -----  ---------  --------  ----------  --------------  -------------------  ----------------------
/opt/airflow/dags/etl_weather_dag.py    207  0.01s             0           1  0.22s           2025-11-16T22:47:07                       5
================================================================================
[2025-11-16T22:48:09.118+0000] {manager.py:997} INFO - 
================================================================================
DAG File Processing Stats

File Path                               PID  Runtime      # DAGs    # Errors  Last Runtime    Last Run               Last # of DB Queries
------------------------------------  -----  ---------  --------  ----------  --------------  -------------------  ----------------------
/opt/airflow/dags/etl_weather_dag.py    214  0.01s             0           1  0.21s           2025-11-16T22:47:38                       5
================================================================================
[2025-11-16T22:48:25.542+0000] {manager.py:821} INFO - Searching for files in /opt/airflow/dags
[2025-11-16T22:48:25.607+0000] {manager.py:824} INFO - There are 1 files in /opt/airflow/dags
[2025-11-16T22:48:39.841+0000] {manager.py:997} INFO - 
================================================================================
DAG File Processing Stats

File Path                               PID  Runtime      # DAGs    # Errors  Last Runtime    Last Run               Last # of DB Queries
------------------------------------  -----  ---------  --------  ----------  --------------  -------------------  ----------------------
/opt/airflow/dags/etl_weather_dag.py    221  0.02s             0           1  0.21s           2025-11-16T22:48:09                       5
================================================================================
[2025-11-16T22:49:10.526+0000] {manager.py:997} INFO - 
================================================================================
DAG File Processing Stats

File Path                               PID  Runtime      # DAGs    # Errors  Last Runtime    Last Run               Last # of DB Queries
------------------------------------  -----  ---------  --------  ----------  --------------  -------------------  ----------------------
/opt/airflow/dags/etl_weather_dag.py    228  0.01s             0           1  0.24s           2025-11-16T22:48:40                       5
================================================================================
[2025-11-16T22:49:41.269+0000] {manager.py:997} INFO - 
================================================================================
DAG File Processing Stats

File Path                               PID  Runtime      # DAGs    # Errors  Last Runtime    Last Run               Last # of DB Queries
------------------------------------  -----  ---------  --------  ----------  --------------  -------------------  ----------------------
/opt/airflow/dags/etl_weather_dag.py    235  0.01s             0           1  0.25s           2025-11-16T22:49:10                       5
================================================================================
[2025-11-16T22:50:11.976+0000] {manager.py:997} INFO - 
================================================================================
DAG File Processing Stats

File Path                               PID  Runtime      # DAGs    # Errors  Last Runtime    Last Run               Last # of DB Queries
------------------------------------  -----  ---------  --------  ----------  --------------  -------------------  ----------------------
/opt/airflow/dags/etl_weather_dag.py    242  0.02s             0           1  0.21s           2025-11-16T22:49:41                       5
================================================================================
[2025-11-16T22:50:42.942+0000] {manager.py:997} INFO - 
================================================================================
DAG File Processing Stats

File Path                               PID  Runtime      # DAGs    # Errors  Last Runtime    Last Run               Last # of DB Queries
------------------------------------  -----  ---------  --------  ----------  --------------  -------------------  ----------------------
/opt/airflow/dags/etl_weather_dag.py    249  0.02s             0           1  0.24s           2025-11-16T22:50:12                       5
================================================================================
[2025-11-16T22:51:13.585+0000] {manager.py:997} INFO - 
================================================================================
DAG File Processing Stats

File Path                               PID  Runtime      # DAGs    # Errors  Last Runtime    Last Run               Last # of DB Queries
------------------------------------  -----  ---------  --------  ----------  --------------  -------------------  ----------------------
/opt/airflow/dags/etl_weather_dag.py    257  0.01s             0           1  0.25s           2025-11-16T22:50:43                       5
================================================================================
[2025-11-16T22:51:44.344+0000] {manager.py:997} INFO - 
================================================================================
DAG File Processing Stats

File Path                               PID  Runtime      # DAGs    # Errors  Last Runtime    Last Run               Last # of DB Queries
------------------------------------  -----  ---------  --------  ----------  --------------  -------------------  ----------------------
/opt/airflow/dags/etl_weather_dag.py    264  0.01s             0           1  0.22s           2025-11-16T22:51:13                       5
================================================================================
[2025-11-16T22:52:14.992+0000] {manager.py:997} INFO - 
================================================================================
DAG File Processing Stats

File Path                               PID  Runtime      # DAGs    # Errors  Last Runtime    Last Run               Last # of DB Queries
------------------------------------  -----  ---------  --------  ----------  --------------  -------------------  ----------------------
/opt/airflow/dags/etl_weather_dag.py    271  0.02s             0           1  0.22s           2025-11-16T22:51:44                       5
================================================================================
[2025-11-16T22:52:45.702+0000] {manager.py:997} INFO - 
================================================================================
DAG File Processing Stats

File Path                               PID  Runtime      # DAGs    # Errors  Last Runtime    Last Run               Last # of DB Queries
------------------------------------  -----  ---------  --------  ----------  --------------  -------------------  ----------------------
/opt/airflow/dags/etl_weather_dag.py    284  0.01s             0           1  0.26s           2025-11-16T22:52:15                       5
================================================================================
[2025-11-16T22:53:16.403+0000] {manager.py:997} INFO - 
================================================================================
DAG File Processing Stats

File Path                               PID  Runtime      # DAGs    # Errors  Last Runtime    Last Run               Last # of DB Queries
------------------------------------  -----  ---------  --------  ----------  --------------  -------------------  ----------------------
/opt/airflow/dags/etl_weather_dag.py    291  0.01s             0           1  0.23s           2025-11-16T22:52:45                       5
================================================================================
[2025-11-16T22:53:25.604+0000] {manager.py:821} INFO - Searching for files in /opt/airflow/dags
[2025-11-16T22:53:25.666+0000] {manager.py:824} INFO - There are 1 files in /opt/airflow/dags
[2025-11-16T22:53:47.173+0000] {manager.py:997} INFO - 
================================================================================
DAG File Processing Stats

File Path                               PID  Runtime      # DAGs    # Errors  Last Runtime    Last Run               Last # of DB Queries
------------------------------------  -----  ---------  --------  ----------  --------------  -------------------  ----------------------
/opt/airflow/dags/etl_weather_dag.py    298  0.01s             0           1  0.23s           2025-11-16T22:53:16                       5
================================================================================
[2025-11-16T22:54:17.818+0000] {manager.py:997} INFO - 
================================================================================
DAG File Processing Stats

File Path                               PID  Runtime      # DAGs    # Errors  Last Runtime    Last Run               Last # of DB Queries
------------------------------------  -----  ---------  --------  ----------  --------------  -------------------  ----------------------
/opt/airflow/dags/etl_weather_dag.py    305  0.01s             0           1  0.23s           2025-11-16T22:53:47                       5
================================================================================
[2025-11-16T22:54:48.537+0000] {manager.py:997} INFO - 
================================================================================
DAG File Processing Stats

File Path                             PID    Runtime      # DAGs    # Errors  Last Runtime    Last Run               Last # of DB Queries
------------------------------------  -----  ---------  --------  ----------  --------------  -------------------  ----------------------
/opt/airflow/dags/etl_weather_dag.py                           1           0  5.33s           2025-11-16T22:54:23                      45
================================================================================
[2025-11-16T22:55:19.344+0000] {manager.py:997} INFO - 
================================================================================
DAG File Processing Stats

File Path                             PID    Runtime      # DAGs    # Errors  Last Runtime    Last Run               Last # of DB Queries
------------------------------------  -----  ---------  --------  ----------  --------------  -------------------  ----------------------
/opt/airflow/dags/etl_weather_dag.py                           1           0  3.33s           2025-11-16T22:54:56                      12
================================================================================
[2025-11-16T22:55:49.733+0000] {manager.py:997} INFO - 
================================================================================
DAG File Processing Stats

File Path                             PID    Runtime      # DAGs    # Errors  Last Runtime    Last Run               Last # of DB Queries
------------------------------------  -----  ---------  --------  ----------  --------------  -------------------  ----------------------
/opt/airflow/dags/etl_weather_dag.py                           1           0  1.82s           2025-11-16T22:55:29                      12
================================================================================
[2025-11-16T22:56:19.965+0000] {manager.py:997} INFO - 
================================================================================
DAG File Processing Stats

File Path                             PID    Runtime      # DAGs    # Errors  Last Runtime    Last Run               Last # of DB Queries
------------------------------------  -----  ---------  --------  ----------  --------------  -------------------  ----------------------
/opt/airflow/dags/etl_weather_dag.py                           1           0  1.64s           2025-11-16T22:56:01                      12
================================================================================
[2025-11-16T22:56:50.600+0000] {manager.py:997} INFO - 
================================================================================
DAG File Processing Stats

File Path                             PID    Runtime      # DAGs    # Errors  Last Runtime    Last Run               Last # of DB Queries
------------------------------------  -----  ---------  --------  ----------  --------------  -------------------  ----------------------
/opt/airflow/dags/etl_weather_dag.py                           1           0  1.72s           2025-11-16T22:56:33                      12
================================================================================
[2025-11-16T22:57:21.196+0000] {manager.py:997} INFO - 
================================================================================
DAG File Processing Stats

File Path                             PID    Runtime      # DAGs    # Errors  Last Runtime    Last Run               Last # of DB Queries
------------------------------------  -----  ---------  --------  ----------  --------------  -------------------  ----------------------
/opt/airflow/dags/etl_weather_dag.py                           1           0  1.98s           2025-11-16T22:57:05                      12
================================================================================
[2025-11-16T22:57:51.416+0000] {manager.py:997} INFO - 
================================================================================
DAG File Processing Stats

File Path                             PID    Runtime      # DAGs    # Errors  Last Runtime    Last Run               Last # of DB Queries
------------------------------------  -----  ---------  --------  ----------  --------------  -------------------  ----------------------
/opt/airflow/dags/etl_weather_dag.py                           1           0  1.64s           2025-11-16T22:57:38                      12
================================================================================
[2025-11-16T22:58:22.008+0000] {manager.py:997} INFO - 
================================================================================
DAG File Processing Stats

File Path                             PID    Runtime      # DAGs    # Errors  Last Runtime    Last Run               Last # of DB Queries
------------------------------------  -----  ---------  --------  ----------  --------------  -------------------  ----------------------
/opt/airflow/dags/etl_weather_dag.py                           1           0  1.63s           2025-11-16T22:58:10                      12
================================================================================
[2025-11-16T22:58:26.049+0000] {manager.py:821} INFO - Searching for files in /opt/airflow/dags
[2025-11-16T22:58:26.469+0000] {manager.py:824} INFO - There are 1 files in /opt/airflow/dags
[2025-11-16T22:58:52.703+0000] {manager.py:997} INFO - 
================================================================================
DAG File Processing Stats

File Path                             PID    Runtime      # DAGs    # Errors  Last Runtime    Last Run               Last # of DB Queries
------------------------------------  -----  ---------  --------  ----------  --------------  -------------------  ----------------------
/opt/airflow/dags/etl_weather_dag.py                           1           0  1.62s           2025-11-16T22:58:42                      12
================================================================================
[2025-11-16T22:59:23.235+0000] {manager.py:997} INFO - 
================================================================================
DAG File Processing Stats

File Path                             PID    Runtime      # DAGs    # Errors  Last Runtime    Last Run               Last # of DB Queries
------------------------------------  -----  ---------  --------  ----------  --------------  -------------------  ----------------------
/opt/airflow/dags/etl_weather_dag.py                           1           0  1.73s           2025-11-16T22:59:14                      12
================================================================================
[2025-11-16T22:59:53.449+0000] {manager.py:997} INFO - 
================================================================================
DAG File Processing Stats

File Path                             PID    Runtime      # DAGs    # Errors  Last Runtime    Last Run               Last # of DB Queries
------------------------------------  -----  ---------  --------  ----------  --------------  -------------------  ----------------------
/opt/airflow/dags/etl_weather_dag.py                           1           0  1.65s           2025-11-16T22:59:46                      12
================================================================================
[2025-11-16T23:00:24.018+0000] {manager.py:997} INFO - 
================================================================================
DAG File Processing Stats

File Path                             PID    Runtime      # DAGs    # Errors  Last Runtime    Last Run               Last # of DB Queries
------------------------------------  -----  ---------  --------  ----------  --------------  -------------------  ----------------------
/opt/airflow/dags/etl_weather_dag.py                           1           0  1.74s           2025-11-16T23:00:17                      12
================================================================================
[2025-11-16T23:00:54.577+0000] {manager.py:997} INFO - 
================================================================================
DAG File Processing Stats

File Path                             PID    Runtime      # DAGs    # Errors  Last Runtime    Last Run               Last # of DB Queries
------------------------------------  -----  ---------  --------  ----------  --------------  -------------------  ----------------------
/opt/airflow/dags/etl_weather_dag.py                           1           0  1.75s           2025-11-16T23:00:49                      12
================================================================================
[2025-11-16T23:01:24.826+0000] {manager.py:997} INFO - 
================================================================================
DAG File Processing Stats

File Path                             PID    Runtime      # DAGs    # Errors  Last Runtime    Last Run               Last # of DB Queries
------------------------------------  -----  ---------  --------  ----------  --------------  -------------------  ----------------------
/opt/airflow/dags/etl_weather_dag.py                           1           0  1.65s           2025-11-16T23:01:21                      12
================================================================================
[2025-11-16T23:01:55.433+0000] {manager.py:997} INFO - 
================================================================================
DAG File Processing Stats

File Path                             PID    Runtime      # DAGs    # Errors  Last Runtime    Last Run               Last # of DB Queries
------------------------------------  -----  ---------  --------  ----------  --------------  -------------------  ----------------------
/opt/airflow/dags/etl_weather_dag.py                           1           0  1.73s           2025-11-16T23:01:53                      12
================================================================================
[2025-11-16T23:02:26.259+0000] {manager.py:997} INFO - 
================================================================================
DAG File Processing Stats

File Path                             PID    Runtime      # DAGs    # Errors  Last Runtime    Last Run               Last # of DB Queries
------------------------------------  -----  ---------  --------  ----------  --------------  -------------------  ----------------------
/opt/airflow/dags/etl_weather_dag.py                           1           0  1.58s           2025-11-16T23:02:25                      12
================================================================================
[2025-11-16T23:02:56.882+0000] {manager.py:997} INFO - 
================================================================================
DAG File Processing Stats

File Path                               PID  Runtime      # DAGs    # Errors  Last Runtime    Last Run               Last # of DB Queries
------------------------------------  -----  ---------  --------  ----------  --------------  -------------------  ----------------------
/opt/airflow/dags/etl_weather_dag.py    452  1.03s             1           0  1.58s           2025-11-16T23:02:25                      12
================================================================================
[2025-11-16T23:03:26.175+0000] {manager.py:821} INFO - Searching for files in /opt/airflow/dags
[2025-11-16T23:03:26.581+0000] {manager.py:824} INFO - There are 1 files in /opt/airflow/dags
[2025-11-16T23:03:27.617+0000] {manager.py:997} INFO - 
================================================================================
DAG File Processing Stats

File Path                             PID    Runtime      # DAGs    # Errors  Last Runtime    Last Run               Last # of DB Queries
------------------------------------  -----  ---------  --------  ----------  --------------  -------------------  ----------------------
/opt/airflow/dags/etl_weather_dag.py                           1           0  1.77s           2025-11-16T23:02:57                      12
================================================================================
[2025-11-16T23:03:58.052+0000] {manager.py:997} INFO - 
================================================================================
DAG File Processing Stats

File Path                             PID    Runtime      # DAGs    # Errors  Last Runtime    Last Run               Last # of DB Queries
------------------------------------  -----  ---------  --------  ----------  --------------  -------------------  ----------------------
/opt/airflow/dags/etl_weather_dag.py                           1           0  1.73s           2025-11-16T23:03:29                      12
================================================================================
[2025-11-16T23:04:28.502+0000] {manager.py:997} INFO - 
================================================================================
DAG File Processing Stats

File Path                             PID    Runtime      # DAGs    # Errors  Last Runtime    Last Run               Last # of DB Queries
------------------------------------  -----  ---------  --------  ----------  --------------  -------------------  ----------------------
/opt/airflow/dags/etl_weather_dag.py                           1           0  1.87s           2025-11-16T23:04:01                      12
================================================================================
[2025-11-16T23:04:59.460+0000] {manager.py:997} INFO - 
================================================================================
DAG File Processing Stats

File Path                             PID    Runtime      # DAGs    # Errors  Last Runtime    Last Run               Last # of DB Queries
------------------------------------  -----  ---------  --------  ----------  --------------  -------------------  ----------------------
/opt/airflow/dags/etl_weather_dag.py                           1           0  1.57s           2025-11-16T23:04:34                      12
================================================================================
[2025-11-16T23:05:29.896+0000] {manager.py:997} INFO - 
================================================================================
DAG File Processing Stats

File Path                             PID    Runtime      # DAGs    # Errors  Last Runtime    Last Run               Last # of DB Queries
------------------------------------  -----  ---------  --------  ----------  --------------  -------------------  ----------------------
/opt/airflow/dags/etl_weather_dag.py                           1           0  1.86s           2025-11-16T23:05:06                      12
================================================================================
[2025-11-16T23:06:00.201+0000] {manager.py:997} INFO - 
================================================================================
DAG File Processing Stats

File Path                             PID    Runtime      # DAGs    # Errors  Last Runtime    Last Run               Last # of DB Queries
------------------------------------  -----  ---------  --------  ----------  --------------  -------------------  ----------------------
/opt/airflow/dags/etl_weather_dag.py                           1           0  1.72s           2025-11-16T23:05:38                      12
================================================================================
[2025-11-16T23:06:30.785+0000] {manager.py:997} INFO - 
================================================================================
DAG File Processing Stats

File Path                             PID    Runtime      # DAGs    # Errors  Last Runtime    Last Run               Last # of DB Queries
------------------------------------  -----  ---------  --------  ----------  --------------  -------------------  ----------------------
/opt/airflow/dags/etl_weather_dag.py                           1           0  1.80s           2025-11-16T23:06:10                      12
================================================================================
[2025-11-16T23:07:01.041+0000] {manager.py:997} INFO - 
================================================================================
DAG File Processing Stats

File Path                             PID    Runtime      # DAGs    # Errors  Last Runtime    Last Run               Last # of DB Queries
------------------------------------  -----  ---------  --------  ----------  --------------  -------------------  ----------------------
/opt/airflow/dags/etl_weather_dag.py                           1           0  1.94s           2025-11-16T23:07:00                      12
================================================================================
[2025-11-16T23:07:31.255+0000] {manager.py:997} INFO - 
================================================================================
DAG File Processing Stats

File Path                               PID  Runtime      # DAGs    # Errors  Last Runtime    Last Run               Last # of DB Queries
------------------------------------  -----  ---------  --------  ----------  --------------  -------------------  ----------------------
/opt/airflow/dags/etl_weather_dag.py    525  0.02s             1           0  1.94s           2025-11-16T23:07:00                      12
================================================================================
[2025-11-16T23:08:02.210+0000] {manager.py:997} INFO - 
================================================================================
DAG File Processing Stats

File Path                             PID    Runtime      # DAGs    # Errors  Last Runtime    Last Run               Last # of DB Queries
------------------------------------  -----  ---------  --------  ----------  --------------  -------------------  ----------------------
/opt/airflow/dags/etl_weather_dag.py                           1           0  1.65s           2025-11-16T23:07:32                      12
================================================================================
[2025-11-16T23:08:26.806+0000] {manager.py:821} INFO - Searching for files in /opt/airflow/dags
[2025-11-16T23:08:27.205+0000] {manager.py:824} INFO - There are 1 files in /opt/airflow/dags
[2025-11-16T23:08:33.302+0000] {manager.py:997} INFO - 
================================================================================
DAG File Processing Stats

File Path                             PID    Runtime      # DAGs    # Errors  Last Runtime    Last Run               Last # of DB Queries
------------------------------------  -----  ---------  --------  ----------  --------------  -------------------  ----------------------
/opt/airflow/dags/etl_weather_dag.py                           1           0  2.15s           2025-11-16T23:08:05                      12
================================================================================
[2025-11-16T23:09:03.912+0000] {manager.py:997} INFO - 
================================================================================
DAG File Processing Stats

File Path                             PID    Runtime      # DAGs    # Errors  Last Runtime    Last Run               Last # of DB Queries
------------------------------------  -----  ---------  --------  ----------  --------------  -------------------  ----------------------
/opt/airflow/dags/etl_weather_dag.py                           1           0  1.60s           2025-11-16T23:08:36                      12
================================================================================
[2025-11-16T23:09:34.472+0000] {manager.py:997} INFO - 
================================================================================
DAG File Processing Stats

File Path                             PID    Runtime      # DAGs    # Errors  Last Runtime    Last Run               Last # of DB Queries
------------------------------------  -----  ---------  --------  ----------  --------------  -------------------  ----------------------
/opt/airflow/dags/etl_weather_dag.py                           1           0  1.73s           2025-11-16T23:09:09                      12
================================================================================
[2025-11-16T23:10:04.822+0000] {manager.py:997} INFO - 
================================================================================
DAG File Processing Stats

File Path                             PID    Runtime      # DAGs    # Errors  Last Runtime    Last Run               Last # of DB Queries
------------------------------------  -----  ---------  --------  ----------  --------------  -------------------  ----------------------
/opt/airflow/dags/etl_weather_dag.py                           1           0  1.77s           2025-11-16T23:09:41                      12
================================================================================
[2025-11-16T23:10:35.383+0000] {manager.py:997} INFO - 
================================================================================
DAG File Processing Stats

File Path                             PID    Runtime      # DAGs    # Errors  Last Runtime    Last Run               Last # of DB Queries
------------------------------------  -----  ---------  --------  ----------  --------------  -------------------  ----------------------
/opt/airflow/dags/etl_weather_dag.py                           1           0  1.59s           2025-11-16T23:10:13                      12
================================================================================
[2025-11-16T23:11:05.694+0000] {manager.py:997} INFO - 
================================================================================
DAG File Processing Stats

File Path                             PID    Runtime      # DAGs    # Errors  Last Runtime    Last Run               Last # of DB Queries
------------------------------------  -----  ---------  --------  ----------  --------------  -------------------  ----------------------
/opt/airflow/dags/etl_weather_dag.py                           1           0  1.71s           2025-11-16T23:10:45                      12
================================================================================
[2025-11-16T23:11:36.601+0000] {manager.py:997} INFO - 
================================================================================
DAG File Processing Stats

File Path                             PID    Runtime      # DAGs    # Errors  Last Runtime    Last Run               Last # of DB Queries
------------------------------------  -----  ---------  --------  ----------  --------------  -------------------  ----------------------
/opt/airflow/dags/etl_weather_dag.py                           1           0  1.50s           2025-11-16T23:11:17                      12
================================================================================
[2025-11-16T23:12:07.025+0000] {manager.py:997} INFO - 
================================================================================
DAG File Processing Stats

File Path                             PID    Runtime      # DAGs    # Errors  Last Runtime    Last Run               Last # of DB Queries
------------------------------------  -----  ---------  --------  ----------  --------------  -------------------  ----------------------
/opt/airflow/dags/etl_weather_dag.py                           1           0  1.81s           2025-11-16T23:11:49                      12
================================================================================
[2025-11-16T23:12:37.289+0000] {manager.py:997} INFO - 
================================================================================
DAG File Processing Stats

File Path                             PID    Runtime      # DAGs    # Errors  Last Runtime    Last Run               Last # of DB Queries
------------------------------------  -----  ---------  --------  ----------  --------------  -------------------  ----------------------
/opt/airflow/dags/etl_weather_dag.py                           1           0  1.88s           2025-11-16T23:12:22                      12
================================================================================
[2025-11-16T23:13:07.745+0000] {manager.py:997} INFO - 
================================================================================
DAG File Processing Stats

File Path                             PID    Runtime      # DAGs    # Errors  Last Runtime    Last Run               Last # of DB Queries
------------------------------------  -----  ---------  --------  ----------  --------------  -------------------  ----------------------
/opt/airflow/dags/etl_weather_dag.py                           1           0  2.20s           2025-11-16T23:12:54                      12
================================================================================
[2025-11-16T23:13:27.154+0000] {manager.py:821} INFO - Searching for files in /opt/airflow/dags
[2025-11-16T23:13:27.610+0000] {manager.py:824} INFO - There are 1 files in /opt/airflow/dags
[2025-11-16T23:13:38.809+0000] {manager.py:997} INFO - 
================================================================================
DAG File Processing Stats

File Path                             PID    Runtime      # DAGs    # Errors  Last Runtime    Last Run               Last # of DB Queries
------------------------------------  -----  ---------  --------  ----------  --------------  -------------------  ----------------------
/opt/airflow/dags/etl_weather_dag.py                           1           0  1.93s           2025-11-16T23:13:27                      12
================================================================================
[2025-11-16T23:14:09.079+0000] {manager.py:997} INFO - 
================================================================================
DAG File Processing Stats

File Path                             PID    Runtime      # DAGs    # Errors  Last Runtime    Last Run               Last # of DB Queries
------------------------------------  -----  ---------  --------  ----------  --------------  -------------------  ----------------------
/opt/airflow/dags/etl_weather_dag.py                           1           0  2.51s           2025-11-16T23:13:59                      12
================================================================================
[2025-11-16T23:14:39.700+0000] {manager.py:997} INFO - 
================================================================================
DAG File Processing Stats

File Path                             PID    Runtime      # DAGs    # Errors  Last Runtime    Last Run               Last # of DB Queries
------------------------------------  -----  ---------  --------  ----------  --------------  -------------------  ----------------------
/opt/airflow/dags/etl_weather_dag.py                           1           0  1.53s           2025-11-16T23:14:31                      12
================================================================================
[2025-11-16T23:15:10.379+0000] {manager.py:997} INFO - 
================================================================================
DAG File Processing Stats

File Path                             PID    Runtime      # DAGs    # Errors  Last Runtime    Last Run               Last # of DB Queries
------------------------------------  -----  ---------  --------  ----------  --------------  -------------------  ----------------------
/opt/airflow/dags/etl_weather_dag.py                           1           0  1.51s           2025-11-16T23:15:03                      12
================================================================================
[2025-11-16T23:15:40.747+0000] {manager.py:997} INFO - 
================================================================================
DAG File Processing Stats

File Path                             PID    Runtime      # DAGs    # Errors  Last Runtime    Last Run               Last # of DB Queries
------------------------------------  -----  ---------  --------  ----------  --------------  -------------------  ----------------------
/opt/airflow/dags/etl_weather_dag.py                           1           0  1.78s           2025-11-16T23:15:35                      12
================================================================================
[2025-11-16T23:16:11.400+0000] {manager.py:997} INFO - 
================================================================================
DAG File Processing Stats

File Path                             PID    Runtime      # DAGs    # Errors  Last Runtime    Last Run               Last # of DB Queries
------------------------------------  -----  ---------  --------  ----------  --------------  -------------------  ----------------------
/opt/airflow/dags/etl_weather_dag.py                           1           0  1.71s           2025-11-16T23:16:07                      12
================================================================================
[2025-11-16T23:16:41.892+0000] {manager.py:997} INFO - 
================================================================================
DAG File Processing Stats

File Path                             PID    Runtime      # DAGs    # Errors  Last Runtime    Last Run               Last # of DB Queries
------------------------------------  -----  ---------  --------  ----------  --------------  -------------------  ----------------------
/opt/airflow/dags/etl_weather_dag.py                           1           0  1.93s           2025-11-16T23:16:39                      12
================================================================================
[2025-11-16T23:17:12.136+0000] {manager.py:997} INFO - 
================================================================================
DAG File Processing Stats

File Path                             PID    Runtime      # DAGs    # Errors  Last Runtime    Last Run               Last # of DB Queries
------------------------------------  -----  ---------  --------  ----------  --------------  -------------------  ----------------------
/opt/airflow/dags/etl_weather_dag.py                           1           0  1.63s           2025-11-16T23:17:12                      12
================================================================================
[2025-11-16T23:17:42.481+0000] {manager.py:997} INFO - 
================================================================================
DAG File Processing Stats

File Path                               PID  Runtime      # DAGs    # Errors  Last Runtime    Last Run               Last # of DB Queries
------------------------------------  -----  ---------  --------  ----------  --------------  -------------------  ----------------------
/opt/airflow/dags/etl_weather_dag.py    687  0.01s             1           0  1.63s           2025-11-16T23:17:12                      12
================================================================================
[2025-11-16T23:18:13.262+0000] {manager.py:997} INFO - 
================================================================================
DAG File Processing Stats

File Path                             PID    Runtime      # DAGs    # Errors  Last Runtime    Last Run               Last # of DB Queries
------------------------------------  -----  ---------  --------  ----------  --------------  -------------------  ----------------------
/opt/airflow/dags/etl_weather_dag.py                           1           0  1.61s           2025-11-16T23:17:44                      12
================================================================================
[2025-11-16T23:18:27.278+0000] {manager.py:821} INFO - Searching for files in /opt/airflow/dags
[2025-11-16T23:18:27.723+0000] {manager.py:824} INFO - There are 1 files in /opt/airflow/dags
[2025-11-16T23:18:43.961+0000] {manager.py:997} INFO - 
================================================================================
DAG File Processing Stats

File Path                             PID    Runtime      # DAGs    # Errors  Last Runtime    Last Run               Last # of DB Queries
------------------------------------  -----  ---------  --------  ----------  --------------  -------------------  ----------------------
/opt/airflow/dags/etl_weather_dag.py                           1           0  1.64s           2025-11-16T23:18:15                      12
================================================================================
[2025-11-16T23:19:14.277+0000] {manager.py:997} INFO - 
================================================================================
DAG File Processing Stats

File Path                             PID    Runtime      # DAGs    # Errors  Last Runtime    Last Run               Last # of DB Queries
------------------------------------  -----  ---------  --------  ----------  --------------  -------------------  ----------------------
/opt/airflow/dags/etl_weather_dag.py                           1           0  1.75s           2025-11-16T23:18:47                      12
================================================================================
[2025-11-16T23:19:44.727+0000] {manager.py:997} INFO - 
================================================================================
DAG File Processing Stats

File Path                             PID    Runtime      # DAGs    # Errors  Last Runtime    Last Run               Last # of DB Queries
------------------------------------  -----  ---------  --------  ----------  --------------  -------------------  ----------------------
/opt/airflow/dags/etl_weather_dag.py                           1           0  1.86s           2025-11-16T23:19:20                      12
================================================================================
[2025-11-16T23:20:15.345+0000] {manager.py:997} INFO - 
================================================================================
DAG File Processing Stats

File Path                             PID    Runtime      # DAGs    # Errors  Last Runtime    Last Run               Last # of DB Queries
------------------------------------  -----  ---------  --------  ----------  --------------  -------------------  ----------------------
/opt/airflow/dags/etl_weather_dag.py                           1           0  1.66s           2025-11-16T23:19:52                      12
================================================================================
[2025-11-16T23:20:45.684+0000] {manager.py:997} INFO - 
================================================================================
DAG File Processing Stats

File Path                             PID    Runtime      # DAGs    # Errors  Last Runtime    Last Run               Last # of DB Queries
------------------------------------  -----  ---------  --------  ----------  --------------  -------------------  ----------------------
/opt/airflow/dags/etl_weather_dag.py                           1           0  1.75s           2025-11-16T23:20:24                      12
================================================================================
[2025-11-16T23:21:16.646+0000] {manager.py:997} INFO - 
================================================================================
DAG File Processing Stats

File Path                             PID    Runtime      # DAGs    # Errors  Last Runtime    Last Run               Last # of DB Queries
------------------------------------  -----  ---------  --------  ----------  --------------  -------------------  ----------------------
/opt/airflow/dags/etl_weather_dag.py                           1           0  1.78s           2025-11-16T23:20:56                      12
================================================================================
[2025-11-16T23:21:46.950+0000] {manager.py:997} INFO - 
================================================================================
DAG File Processing Stats

File Path                             PID    Runtime      # DAGs    # Errors  Last Runtime    Last Run               Last # of DB Queries
------------------------------------  -----  ---------  --------  ----------  --------------  -------------------  ----------------------
/opt/airflow/dags/etl_weather_dag.py                           1           0  1.70s           2025-11-16T23:21:28                      12
================================================================================
[2025-11-16T23:22:17.334+0000] {manager.py:997} INFO - 
================================================================================
DAG File Processing Stats

File Path                             PID    Runtime      # DAGs    # Errors  Last Runtime    Last Run               Last # of DB Queries
------------------------------------  -----  ---------  --------  ----------  --------------  -------------------  ----------------------
/opt/airflow/dags/etl_weather_dag.py                           1           0  1.80s           2025-11-16T23:22:01                      12
================================================================================
[2025-11-16T23:22:47.903+0000] {manager.py:997} INFO - 
================================================================================
DAG File Processing Stats

File Path                             PID    Runtime      # DAGs    # Errors  Last Runtime    Last Run               Last # of DB Queries
------------------------------------  -----  ---------  --------  ----------  --------------  -------------------  ----------------------
/opt/airflow/dags/etl_weather_dag.py                           1           0  1.62s           2025-11-16T23:22:32                      12
================================================================================
[2025-11-16T23:23:18.708+0000] {manager.py:997} INFO - 
================================================================================
DAG File Processing Stats

File Path                             PID    Runtime      # DAGs    # Errors  Last Runtime    Last Run               Last # of DB Queries
------------------------------------  -----  ---------  --------  ----------  --------------  -------------------  ----------------------
/opt/airflow/dags/etl_weather_dag.py                           1           0  1.58s           2025-11-16T23:23:04                      12
================================================================================
[2025-11-16T23:23:27.327+0000] {manager.py:821} INFO - Searching for files in /opt/airflow/dags
[2025-11-16T23:23:27.715+0000] {manager.py:824} INFO - There are 1 files in /opt/airflow/dags
[2025-11-16T23:23:48.904+0000] {manager.py:997} INFO - 
================================================================================
DAG File Processing Stats

File Path                             PID    Runtime      # DAGs    # Errors  Last Runtime    Last Run               Last # of DB Queries
------------------------------------  -----  ---------  --------  ----------  --------------  -------------------  ----------------------
/opt/airflow/dags/etl_weather_dag.py                           1           0  1.65s           2025-11-16T23:23:36                      12
================================================================================
[2025-11-16T23:24:19.831+0000] {manager.py:997} INFO - 
================================================================================
DAG File Processing Stats

File Path                             PID    Runtime      # DAGs    # Errors  Last Runtime    Last Run               Last # of DB Queries
------------------------------------  -----  ---------  --------  ----------  --------------  -------------------  ----------------------
/opt/airflow/dags/etl_weather_dag.py                           1           0  1.48s           2025-11-16T23:24:08                      12
================================================================================
[2025-11-16T23:24:50.404+0000] {manager.py:997} INFO - 
================================================================================
DAG File Processing Stats

File Path                             PID    Runtime      # DAGs    # Errors  Last Runtime    Last Run               Last # of DB Queries
------------------------------------  -----  ---------  --------  ----------  --------------  -------------------  ----------------------
/opt/airflow/dags/etl_weather_dag.py                           1           0  1.93s           2025-11-16T23:24:41                      12
================================================================================
[2025-11-16T23:25:20.680+0000] {manager.py:997} INFO - 
================================================================================
DAG File Processing Stats

File Path                             PID    Runtime      # DAGs    # Errors  Last Runtime    Last Run               Last # of DB Queries
------------------------------------  -----  ---------  --------  ----------  --------------  -------------------  ----------------------
/opt/airflow/dags/etl_weather_dag.py                           1           0  1.68s           2025-11-16T23:25:13                      12
================================================================================
[2025-11-16T23:25:50.931+0000] {manager.py:997} INFO - 
================================================================================
DAG File Processing Stats

File Path                             PID    Runtime      # DAGs    # Errors  Last Runtime    Last Run               Last # of DB Queries
------------------------------------  -----  ---------  --------  ----------  --------------  -------------------  ----------------------
/opt/airflow/dags/etl_weather_dag.py                           1           0  1.65s           2025-11-16T23:25:45                      12
================================================================================
[2025-11-16T23:26:21.461+0000] {manager.py:997} INFO - 
================================================================================
DAG File Processing Stats

File Path                             PID    Runtime      # DAGs    # Errors  Last Runtime    Last Run               Last # of DB Queries
------------------------------------  -----  ---------  --------  ----------  --------------  -------------------  ----------------------
/opt/airflow/dags/etl_weather_dag.py                           1           0  1.56s           2025-11-16T23:26:17                      12
================================================================================
[2025-11-16T23:26:51.796+0000] {manager.py:997} INFO - 
================================================================================
DAG File Processing Stats

File Path                             PID    Runtime      # DAGs    # Errors  Last Runtime    Last Run               Last # of DB Queries
------------------------------------  -----  ---------  --------  ----------  --------------  -------------------  ----------------------
/opt/airflow/dags/etl_weather_dag.py                           1           0  1.75s           2025-11-16T23:26:49                      12
================================================================================
[2025-11-16T23:27:22.448+0000] {manager.py:997} INFO - 
================================================================================
DAG File Processing Stats

File Path                             PID    Runtime      # DAGs    # Errors  Last Runtime    Last Run               Last # of DB Queries
------------------------------------  -----  ---------  --------  ----------  --------------  -------------------  ----------------------
/opt/airflow/dags/etl_weather_dag.py                           1           0  2.01s           2025-11-16T23:27:21                      12
================================================================================
[2025-11-16T23:27:53.028+0000] {manager.py:997} INFO - 
================================================================================
DAG File Processing Stats

File Path                               PID  Runtime      # DAGs    # Errors  Last Runtime    Last Run               Last # of DB Queries
------------------------------------  -----  ---------  --------  ----------  --------------  -------------------  ----------------------
/opt/airflow/dags/etl_weather_dag.py    846  1.02s             1           0  2.01s           2025-11-16T23:27:21                      12
================================================================================
[2025-11-16T23:28:23.330+0000] {manager.py:997} INFO - 
================================================================================
DAG File Processing Stats

File Path                             PID    Runtime      # DAGs    # Errors  Last Runtime    Last Run               Last # of DB Queries
------------------------------------  -----  ---------  --------  ----------  --------------  -------------------  ----------------------
/opt/airflow/dags/etl_weather_dag.py                           1           0  1.78s           2025-11-16T23:27:53                      12
================================================================================
[2025-11-16T23:28:27.378+0000] {manager.py:821} INFO - Searching for files in /opt/airflow/dags
[2025-11-16T23:28:27.790+0000] {manager.py:824} INFO - There are 1 files in /opt/airflow/dags
[2025-11-16T23:28:54.409+0000] {manager.py:997} INFO - 
================================================================================
DAG File Processing Stats

File Path                             PID    Runtime      # DAGs    # Errors  Last Runtime    Last Run               Last # of DB Queries
------------------------------------  -----  ---------  --------  ----------  --------------  -------------------  ----------------------
/opt/airflow/dags/etl_weather_dag.py                           1           0  1.63s           2025-11-16T23:28:25                      12
================================================================================
[2025-11-16T23:29:24.993+0000] {manager.py:997} INFO - 
================================================================================
DAG File Processing Stats

File Path                             PID    Runtime      # DAGs    # Errors  Last Runtime    Last Run               Last # of DB Queries
------------------------------------  -----  ---------  --------  ----------  --------------  -------------------  ----------------------
/opt/airflow/dags/etl_weather_dag.py                           1           0  1.50s           2025-11-16T23:28:57                      12
================================================================================
[2025-11-16T23:29:56.036+0000] {manager.py:997} INFO - 
================================================================================
DAG File Processing Stats

File Path                             PID    Runtime      # DAGs    # Errors  Last Runtime    Last Run               Last # of DB Queries
------------------------------------  -----  ---------  --------  ----------  --------------  -------------------  ----------------------
/opt/airflow/dags/etl_weather_dag.py                           1           0  1.78s           2025-11-16T23:29:29                      12
================================================================================
[2025-11-16T23:30:26.681+0000] {manager.py:997} INFO - 
================================================================================
DAG File Processing Stats

File Path                             PID    Runtime      # DAGs    # Errors  Last Runtime    Last Run               Last # of DB Queries
------------------------------------  -----  ---------  --------  ----------  --------------  -------------------  ----------------------
/opt/airflow/dags/etl_weather_dag.py                           1           0  1.61s           2025-11-16T23:30:01                      12
================================================================================
[2025-11-16T23:30:56.886+0000] {manager.py:997} INFO - 
================================================================================
DAG File Processing Stats

File Path                             PID    Runtime      # DAGs    # Errors  Last Runtime    Last Run               Last # of DB Queries
------------------------------------  -----  ---------  --------  ----------  --------------  -------------------  ----------------------
/opt/airflow/dags/etl_weather_dag.py                           1           0  1.67s           2025-11-16T23:30:33                      12
================================================================================
[2025-11-16T23:31:27.472+0000] {manager.py:997} INFO - 
================================================================================
DAG File Processing Stats

File Path                             PID    Runtime      # DAGs    # Errors  Last Runtime    Last Run               Last # of DB Queries
------------------------------------  -----  ---------  --------  ----------  --------------  -------------------  ----------------------
/opt/airflow/dags/etl_weather_dag.py                           1           0  1.57s           2025-11-16T23:31:05                      12
================================================================================
[2025-11-16T23:31:58.028+0000] {manager.py:997} INFO - 
================================================================================
DAG File Processing Stats

File Path                             PID    Runtime      # DAGs    # Errors  Last Runtime    Last Run               Last # of DB Queries
------------------------------------  -----  ---------  --------  ----------  --------------  -------------------  ----------------------
/opt/airflow/dags/etl_weather_dag.py                           1           0  2.10s           2025-11-16T23:31:37                      12
================================================================================
[2025-11-16T23:32:17.045+0000] {manager.py:465} INFO - Exiting gracefully upon receiving signal 15
