[2025-11-16T23:09:02.105+0000] {local_task_job_runner.py:123} INFO - ::group::Pre task execution logs
[2025-11-16T23:09:02.157+0000] {taskinstance.py:2631} INFO - Dependencies all met for dep_context=non-requeueable deps ti=<TaskInstance: etl_weather_pipeline.fetch manual__2025-11-16T23:08:59.460833+00:00 [queued]>
[2025-11-16T23:09:02.174+0000] {taskinstance.py:2631} INFO - Dependencies all met for dep_context=requeueable deps ti=<TaskInstance: etl_weather_pipeline.fetch manual__2025-11-16T23:08:59.460833+00:00 [queued]>
[2025-11-16T23:09:02.176+0000] {taskinstance.py:2884} INFO - Starting attempt 1 of 2
[2025-11-16T23:09:02.202+0000] {taskinstance.py:2907} INFO - Executing <Task(PythonOperator): fetch> on 2025-11-16 23:08:59.460833+00:00
[2025-11-16T23:09:02.221+0000] {warnings.py:112} WARNING - /home/***/.local/lib/python3.12/site-packages/***/task/task_runner/standard_task_runner.py:70: DeprecationWarning: This process (pid=458) is multi-threaded, use of fork() may lead to deadlocks in the child.
  pid = os.fork()

[2025-11-16T23:09:02.227+0000] {standard_task_runner.py:72} INFO - Started process 460 to run task
[2025-11-16T23:09:02.227+0000] {standard_task_runner.py:104} INFO - Running: ['***', 'tasks', 'run', 'etl_weather_pipeline', 'fetch', 'manual__2025-11-16T23:08:59.460833+00:00', '--job-id', '9', '--raw', '--subdir', 'DAGS_FOLDER/etl_weather_dag.py', '--cfg-path', '/tmp/tmp8pilhlns']
[2025-11-16T23:09:02.235+0000] {standard_task_runner.py:105} INFO - Job 9: Subtask fetch
[2025-11-16T23:09:02.368+0000] {task_command.py:467} INFO - Running <TaskInstance: etl_weather_pipeline.fetch manual__2025-11-16T23:08:59.460833+00:00 [running]> on host 774cfcb7a0cd
[2025-11-16T23:09:03.147+0000] {taskinstance.py:3157} INFO - Exporting env vars: AIRFLOW_CTX_DAG_OWNER='etl_user' AIRFLOW_CTX_DAG_ID='etl_weather_pipeline' AIRFLOW_CTX_TASK_ID='fetch' AIRFLOW_CTX_EXECUTION_DATE='2025-11-16T23:08:59.460833+00:00' AIRFLOW_CTX_TRY_NUMBER='1' AIRFLOW_CTX_DAG_RUN_ID='manual__2025-11-16T23:08:59.460833+00:00'
[2025-11-16T23:09:03.149+0000] {taskinstance.py:740} INFO - ::endgroup::
[2025-11-16T23:09:03.215+0000] {utils.py:13} INFO - Iniciando fetch_weather()
[2025-11-16T23:09:04.471+0000] {utils.py:18} INFO - Finalizó fetch_weather()
[2025-11-16T23:09:04.528+0000] {python.py:240} INFO - Done. Returned value was: None
[2025-11-16T23:09:04.555+0000] {taskinstance.py:349} INFO - ::group::Post task execution logs
[2025-11-16T23:09:04.557+0000] {taskinstance.py:361} INFO - Marking task as SUCCESS. dag_id=etl_weather_pipeline, task_id=fetch, run_id=manual__2025-11-16T23:08:59.460833+00:00, execution_date=20251116T230859, start_date=20251116T230902, end_date=20251116T230904
[2025-11-16T23:09:04.700+0000] {local_task_job_runner.py:266} INFO - Task exited with return code 0
[2025-11-16T23:09:04.759+0000] {taskinstance.py:3924} INFO - 0 downstream tasks scheduled from follow-on schedule check
[2025-11-16T23:09:04.764+0000] {local_task_job_runner.py:245} INFO - ::endgroup::
