[2025-11-16T23:31:19.642+0000] {local_task_job_runner.py:123} INFO - ::group::Pre task execution logs
[2025-11-16T23:31:19.702+0000] {taskinstance.py:2631} INFO - Dependencies all met for dep_context=non-requeueable deps ti=<TaskInstance: etl_weather_pipeline.fetch manual__2025-11-16T23:31:16.550686+00:00 [queued]>
[2025-11-16T23:31:19.721+0000] {taskinstance.py:2631} INFO - Dependencies all met for dep_context=requeueable deps ti=<TaskInstance: etl_weather_pipeline.fetch manual__2025-11-16T23:31:16.550686+00:00 [queued]>
[2025-11-16T23:31:19.723+0000] {taskinstance.py:2884} INFO - Starting attempt 1 of 2
[2025-11-16T23:31:19.751+0000] {taskinstance.py:2907} INFO - Executing <Task(PythonOperator): fetch> on 2025-11-16 23:31:16.550686+00:00
[2025-11-16T23:31:19.778+0000] {warnings.py:112} WARNING - /home/***/.local/lib/python3.12/site-packages/***/task/task_runner/standard_task_runner.py:70: DeprecationWarning: This process (pid=730) is multi-threaded, use of fork() may lead to deadlocks in the child.
  pid = os.fork()

[2025-11-16T23:31:19.789+0000] {standard_task_runner.py:72} INFO - Started process 732 to run task
[2025-11-16T23:31:19.785+0000] {standard_task_runner.py:104} INFO - Running: ['***', 'tasks', 'run', 'etl_weather_pipeline', 'fetch', 'manual__2025-11-16T23:31:16.550686+00:00', '--job-id', '13', '--raw', '--subdir', 'DAGS_FOLDER/etl_weather_dag.py', '--cfg-path', '/tmp/tmpt6ywl4r9']
[2025-11-16T23:31:19.795+0000] {standard_task_runner.py:105} INFO - Job 13: Subtask fetch
[2025-11-16T23:31:19.941+0000] {task_command.py:467} INFO - Running <TaskInstance: etl_weather_pipeline.fetch manual__2025-11-16T23:31:16.550686+00:00 [running]> on host 774cfcb7a0cd
[2025-11-16T23:31:20.601+0000] {taskinstance.py:3157} INFO - Exporting env vars: AIRFLOW_CTX_DAG_OWNER='etl_user' AIRFLOW_CTX_DAG_ID='etl_weather_pipeline' AIRFLOW_CTX_TASK_ID='fetch' AIRFLOW_CTX_EXECUTION_DATE='2025-11-16T23:31:16.550686+00:00' AIRFLOW_CTX_TRY_NUMBER='1' AIRFLOW_CTX_DAG_RUN_ID='manual__2025-11-16T23:31:16.550686+00:00'
[2025-11-16T23:31:20.604+0000] {taskinstance.py:740} INFO - ::endgroup::
[2025-11-16T23:31:20.662+0000] {utils.py:13} INFO - Iniciando fetch_weather()
[2025-11-16T23:31:22.072+0000] {utils.py:18} INFO - Finalizó fetch_weather()
[2025-11-16T23:31:22.124+0000] {python.py:240} INFO - Done. Returned value was: None
[2025-11-16T23:31:22.150+0000] {taskinstance.py:349} INFO - ::group::Post task execution logs
[2025-11-16T23:31:22.152+0000] {taskinstance.py:361} INFO - Marking task as SUCCESS. dag_id=etl_weather_pipeline, task_id=fetch, run_id=manual__2025-11-16T23:31:16.550686+00:00, execution_date=20251116T233116, start_date=20251116T233119, end_date=20251116T233122
[2025-11-16T23:31:22.267+0000] {local_task_job_runner.py:266} INFO - Task exited with return code 0
[2025-11-16T23:31:22.662+0000] {taskinstance.py:3924} INFO - 1 downstream tasks scheduled from follow-on schedule check
[2025-11-16T23:31:22.666+0000] {local_task_job_runner.py:245} INFO - ::endgroup::
